# Logfile created on 2023-03-01 01:02:17 +0000 by logger.rb/v1.5.3
I, [2023-03-01T01:02:17.659254 #505]  INFO -- : (0.000192s) PRAGMA foreign_keys = 1
I, [2023-03-01T01:02:17.659414 #505]  INFO -- : (0.000026s) PRAGMA case_sensitive_like = 1
I, [2023-03-01T01:02:28.232344 #505]  INFO -- : (0.000117s) SELECT sqlite_version()
I, [2023-03-01T01:02:28.232737 #505]  INFO -- : (0.000118s) SELECT count(*) AS 'count' FROM `staff_information` WHERE (`role` = 'moderator') LIMIT 1
I, [2023-03-01T01:02:28.233137 #505]  INFO -- : (0.000263s) SELECT * FROM `staff_information` WHERE (`role` = 'moderator')
I, [2023-03-01T01:04:52.447127 #506]  INFO -- : (0.000253s) PRAGMA foreign_keys = 1
I, [2023-03-01T01:04:52.447312 #506]  INFO -- : (0.000027s) PRAGMA case_sensitive_like = 1
I, [2023-03-01T01:04:56.399582 #506]  INFO -- : (0.000158s) SELECT sqlite_version()
I, [2023-03-01T01:04:56.400061 #506]  INFO -- : (0.000143s) SELECT count(*) AS 'count' FROM `staff_information` WHERE (`role` = 'staff') LIMIT 1
I, [2023-03-01T01:04:56.401727 #506]  INFO -- : (0.001504s) SELECT * FROM `staff_information` WHERE (`role` = 'staff')
I, [2023-03-01T01:04:56.402123 #506]  INFO -- : (0.000231s) SELECT * FROM `staff_information` WHERE (`role` = 'staff')
I, [2023-03-01T01:28:43.707566 #514]  INFO -- : (0.000190s) PRAGMA foreign_keys = 1
I, [2023-03-01T01:28:43.707701 #514]  INFO -- : (0.000022s) PRAGMA case_sensitive_like = 1
I, [2023-03-01T01:28:43.709151 #514]  INFO -- : (0.000222s) SELECT sqlite_version()
I, [2023-03-01T01:28:43.709405 #514]  INFO -- : (0.000074s) PRAGMA table_xinfo('users')
E, [2023-03-01T01:28:43.709641 #514] ERROR -- : SQLite3::SQLException: no such table: users: SELECT * FROM `users` LIMIT 0
I, [2023-03-01T01:30:15.310089 #515]  INFO -- : (0.000279s) PRAGMA foreign_keys = 1
I, [2023-03-01T01:30:15.310332 #515]  INFO -- : (0.000029s) PRAGMA case_sensitive_like = 1
I, [2023-03-01T01:30:15.312435 #515]  INFO -- : (0.000144s) SELECT sqlite_version()
I, [2023-03-01T01:30:15.312831 #515]  INFO -- : (0.000095s) PRAGMA table_xinfo('users')
E, [2023-03-01T01:30:15.313169 #515] ERROR -- : SQLite3::SQLException: no such table: users: SELECT * FROM `users` LIMIT 0
I, [2023-03-01T01:32:13.722357 #516]  INFO -- : (0.000238s) PRAGMA foreign_keys = 1
I, [2023-03-01T01:32:13.722506 #516]  INFO -- : (0.000025s) PRAGMA case_sensitive_like = 1
I, [2023-03-01T01:32:30.599824 #517]  INFO -- : (0.000184s) PRAGMA foreign_keys = 1
I, [2023-03-01T01:32:30.599962 #517]  INFO -- : (0.000026s) PRAGMA case_sensitive_like = 1
I, [2023-03-01T01:32:30.601375 #517]  INFO -- : (0.000078s) SELECT sqlite_version()
I, [2023-03-01T01:32:30.601659 #517]  INFO -- : (0.000060s) PRAGMA table_xinfo('users')
E, [2023-03-01T01:32:30.601892 #517] ERROR -- : SQLite3::SQLException: no such table: users: SELECT * FROM `users` LIMIT 0
I, [2023-03-01T01:33:12.891292 #519]  INFO -- : (0.000199s) PRAGMA foreign_keys = 1
I, [2023-03-01T01:33:12.891433 #519]  INFO -- : (0.000020s) PRAGMA case_sensitive_like = 1
I, [2023-03-01T01:33:12.892661 #519]  INFO -- : (0.000076s) SELECT sqlite_version()
I, [2023-03-01T01:33:12.892897 #519]  INFO -- : (0.000061s) PRAGMA table_xinfo('users')
E, [2023-03-01T01:33:12.893157 #519] ERROR -- : SQLite3::SQLException: no such table: users: SELECT * FROM `users` LIMIT 0
I, [2023-03-01T01:33:29.058925 #520]  INFO -- : (0.000198s) PRAGMA foreign_keys = 1
I, [2023-03-01T01:33:29.059064 #520]  INFO -- : (0.000021s) PRAGMA case_sensitive_like = 1
I, [2023-03-01T01:33:29.059467 #520]  INFO -- : (0.000077s) SELECT sqlite_version()
I, [2023-03-01T01:33:29.059710 #520]  INFO -- : (0.000062s) PRAGMA table_xinfo('userrs')
E, [2023-03-01T01:33:29.059937 #520] ERROR -- : SQLite3::SQLException: no such table: userrs: SELECT * FROM `userrs` LIMIT 0
I, [2023-03-01T01:34:05.746939 #521]  INFO -- : (0.000195s) PRAGMA foreign_keys = 1
I, [2023-03-01T01:34:05.747107 #521]  INFO -- : (0.000025s) PRAGMA case_sensitive_like = 1
I, [2023-03-01T01:34:05.748502 #521]  INFO -- : (0.000094s) SELECT sqlite_version()
I, [2023-03-01T01:34:05.748795 #521]  INFO -- : (0.000072s) PRAGMA table_xinfo('user_infromations')
E, [2023-03-01T01:34:05.749070 #521] ERROR -- : SQLite3::SQLException: no such table: user_infromations: SELECT * FROM `user_infromations` LIMIT 0
I, [2023-03-01T01:35:21.171938 #522]  INFO -- : (0.000197s) PRAGMA foreign_keys = 1
I, [2023-03-01T01:35:21.172075 #522]  INFO -- : (0.000020s) PRAGMA case_sensitive_like = 1
I, [2023-03-01T01:35:21.172498 #522]  INFO -- : (0.000078s) SELECT sqlite_version()
I, [2023-03-01T01:35:21.173709 #522]  INFO -- : (0.000063s) PRAGMA table_xinfo('user_informations')
E, [2023-03-01T01:35:21.173945 #522] ERROR -- : SQLite3::SQLException: no such table: user_informations: SELECT * FROM `user_informations` LIMIT 0
I, [2023-03-01T01:44:24.999028 #531]  INFO -- : (0.000196s) PRAGMA foreign_keys = 1
I, [2023-03-01T01:44:24.999185 #531]  INFO -- : (0.000028s) PRAGMA case_sensitive_like = 1
I, [2023-03-01T01:44:25.000568 #531]  INFO -- : (0.000081s) SELECT sqlite_version()
I, [2023-03-01T01:44:25.000882 #531]  INFO -- : (0.000115s) PRAGMA table_xinfo('user_details')
I, [2023-03-01T01:45:30.113810 #553]  INFO -- : (0.000228s) PRAGMA foreign_keys = 1
I, [2023-03-01T01:45:30.113965 #553]  INFO -- : (0.000025s) PRAGMA case_sensitive_like = 1
I, [2023-03-01T01:45:30.114530 #553]  INFO -- : (0.000099s) SELECT sqlite_version()
I, [2023-03-01T01:45:30.114877 #553]  INFO -- : (0.000150s) PRAGMA table_xinfo('user_details')
I, [2023-03-01T01:45:55.529372 #566]  INFO -- : (0.000218s) PRAGMA foreign_keys = 1
I, [2023-03-01T01:45:55.529526 #566]  INFO -- : (0.000027s) PRAGMA case_sensitive_like = 1
I, [2023-03-01T01:45:55.531046 #566]  INFO -- : (0.000101s) SELECT sqlite_version()
I, [2023-03-01T01:45:55.531382 #566]  INFO -- : (0.000124s) PRAGMA table_xinfo('user_details')
I, [2023-03-01T01:45:55.531964 #566]  INFO -- : (0.000096s) SELECT * FROM `user_details`
I, [2023-03-01T01:47:04.277269 #609]  INFO -- : (0.000229s) PRAGMA foreign_keys = 1
I, [2023-03-01T01:47:04.277428 #609]  INFO -- : (0.000026s) PRAGMA case_sensitive_like = 1
I, [2023-03-01T01:47:04.279167 #609]  INFO -- : (0.000100s) SELECT sqlite_version()
I, [2023-03-01T01:47:04.279521 #609]  INFO -- : (0.000148s) PRAGMA table_xinfo('user_details')
I, [2023-03-01T01:47:04.280155 #609]  INFO -- : (0.000116s) SELECT * FROM `user_details`
I, [2023-03-01T01:48:05.404665 #628]  INFO -- : (0.000243s) PRAGMA foreign_keys = 1
I, [2023-03-01T01:48:05.404822 #628]  INFO -- : (0.000025s) PRAGMA case_sensitive_like = 1
I, [2023-03-01T01:48:05.406601 #628]  INFO -- : (0.000101s) SELECT sqlite_version()
I, [2023-03-01T01:48:05.406985 #628]  INFO -- : (0.000196s) PRAGMA table_xinfo('staff_details')
I, [2023-03-01T01:48:05.409032 #628]  INFO -- : (0.000199s) SELECT * FROM `staff_details`
I, [2023-03-01T01:50:12.724747 #653]  INFO -- : (0.000189s) PRAGMA foreign_keys = 1
I, [2023-03-01T01:50:12.724928 #653]  INFO -- : (0.000021s) PRAGMA case_sensitive_like = 1
I, [2023-03-01T01:50:12.726318 #653]  INFO -- : (0.000121s) SELECT sqlite_version()
I, [2023-03-01T01:50:12.726650 #653]  INFO -- : (0.000148s) PRAGMA table_xinfo('staff_details')
I, [2023-03-01T01:50:12.728043 #653]  INFO -- : (0.000147s) SELECT * FROM `staff_details`
I, [2023-03-01T03:26:50.484911 #2118]  INFO -- : (0.001210s) PRAGMA foreign_keys = 1
I, [2023-03-01T03:26:50.493892 #2118]  INFO -- : (0.000030s) PRAGMA case_sensitive_like = 1
I, [2023-03-01T03:28:19.111418 #2140]  INFO -- : (0.000210s) PRAGMA foreign_keys = 1
I, [2023-03-01T03:28:19.111567 #2140]  INFO -- : (0.000021s) PRAGMA case_sensitive_like = 1
I, [2023-03-01T03:29:39.309950 #2162]  INFO -- : (0.000214s) PRAGMA foreign_keys = 1
I, [2023-03-01T03:29:39.310110 #2162]  INFO -- : (0.000026s) PRAGMA case_sensitive_like = 1
I, [2023-03-01T03:29:55.943706 #2175]  INFO -- : (0.000206s) PRAGMA foreign_keys = 1
I, [2023-03-01T03:29:55.943853 #2175]  INFO -- : (0.000021s) PRAGMA case_sensitive_like = 1
I, [2023-03-01T03:30:12.727163 #2188]  INFO -- : (0.000232s) PRAGMA foreign_keys = 1
I, [2023-03-01T03:30:12.727308 #2188]  INFO -- : (0.000022s) PRAGMA case_sensitive_like = 1
I, [2023-03-01T03:31:48.187773 #2220]  INFO -- : (0.000202s) PRAGMA foreign_keys = 1
I, [2023-03-01T03:31:48.187930 #2220]  INFO -- : (0.000020s) PRAGMA case_sensitive_like = 1
I, [2023-03-01T03:31:48.188359 #2220]  INFO -- : (0.000078s) SELECT sqlite_version()
I, [2023-03-01T03:31:48.188635 #2220]  INFO -- : (0.000111s) PRAGMA table_xinfo('user_details')
I, [2023-03-01T03:35:25.497551 #2276]  INFO -- : (0.000234s) PRAGMA foreign_keys = 1
I, [2023-03-01T03:35:25.497718 #2276]  INFO -- : (0.000027s) PRAGMA case_sensitive_like = 1
I, [2023-03-01T03:36:05.264544 #2292]  INFO -- : (0.000246s) PRAGMA foreign_keys = 1
I, [2023-03-01T03:36:05.264708 #2292]  INFO -- : (0.000024s) PRAGMA case_sensitive_like = 1
I, [2023-03-01T03:36:05.543990 #2292]  INFO -- : (0.000173s) PRAGMA foreign_keys = 1
I, [2023-03-01T03:36:05.544128 #2292]  INFO -- : (0.000020s) PRAGMA case_sensitive_like = 1
I, [2023-03-01T03:36:05.544820 #2292]  INFO -- : (0.000132s) SELECT sqlite_version()
I, [2023-03-01T03:36:05.545341 #2292]  INFO -- : (0.000238s) PRAGMA table_xinfo('staff_details')
I, [2023-03-01T03:36:52.574950 #2316]  INFO -- : (0.000196s) PRAGMA foreign_keys = 1
I, [2023-03-01T03:36:52.575116 #2316]  INFO -- : (0.000028s) PRAGMA case_sensitive_like = 1
I, [2023-03-01T03:36:52.810924 #2316]  INFO -- : (0.000227s) PRAGMA foreign_keys = 1
I, [2023-03-01T03:36:52.811119 #2316]  INFO -- : (0.000030s) PRAGMA case_sensitive_like = 1
I, [2023-03-01T03:36:52.811800 #2316]  INFO -- : (0.000114s) SELECT sqlite_version()
I, [2023-03-01T03:36:52.812326 #2316]  INFO -- : (0.000286s) PRAGMA table_xinfo('staff_details')
I, [2023-03-01T03:36:52.813539 #2316]  INFO -- : (0.000036s) BEGIN
I, [2023-03-01T03:36:52.814812 #2316]  INFO -- : (0.000826s) INSERT INTO `staff_details` (`first_name`, `surname`, `email`, `password`, `role`) VALUES ('Richard', 'Samson', 'aaa@gmail.com', 'pass123', 'admin') RETURNING *
I, [2023-03-01T03:36:52.882326 #2316]  INFO -- : (0.067311s) COMMIT
I, [2023-03-01T03:36:52.882657 #2316]  INFO -- : (0.000043s) BEGIN
I, [2023-03-01T03:36:52.883298 #2316]  INFO -- : (0.000287s) UPDATE `staff_details` SET `email` = 'propper.email@gmail.com' WHERE (`id` = 4)
I, [2023-03-01T03:36:52.948917 #2316]  INFO -- : (0.065478s) COMMIT
I, [2023-03-01T03:36:53.018540 #2316]  INFO -- : (0.069345s) DELETE FROM `staff_details` WHERE `id` = 4
I, [2023-03-01T03:53:03.559675 #2445]  INFO -- : (0.000166s) PRAGMA foreign_keys = 1
I, [2023-03-01T03:53:03.559814 #2445]  INFO -- : (0.000020s) PRAGMA case_sensitive_like = 1
I, [2023-03-01T03:54:23.620675 #2446]  INFO -- : (0.000170s) PRAGMA foreign_keys = 1
I, [2023-03-01T03:54:23.620814 #2446]  INFO -- : (0.000020s) PRAGMA case_sensitive_like = 1
I, [2023-03-01T04:02:07.532618 #2680]  INFO -- : (0.000209s) PRAGMA foreign_keys = 1
I, [2023-03-01T04:02:07.532770 #2680]  INFO -- : (0.000021s) PRAGMA case_sensitive_like = 1
I, [2023-03-01T04:02:07.533306 #2680]  INFO -- : (0.000088s) SELECT sqlite_version()
I, [2023-03-01T04:02:07.533651 #2680]  INFO -- : (0.000168s) PRAGMA table_xinfo('staff_details')
I, [2023-03-01T04:02:16.825896 #2681]  INFO -- : (0.000179s) PRAGMA foreign_keys = 1
I, [2023-03-01T04:02:16.826044 #2681]  INFO -- : (0.000020s) PRAGMA case_sensitive_like = 1
I, [2023-03-01T04:02:16.826536 #2681]  INFO -- : (0.000080s) SELECT sqlite_version()
I, [2023-03-01T04:02:16.826895 #2681]  INFO -- : (0.000164s) PRAGMA table_xinfo('staff_details')
